<?xml version="1.0" encoding="UTF-8"?>
<!-- Generated by org.testng.reporters.JUnitReportReporter -->
<testsuite hostname="LAPTOP-S4ET4P5F" failures="0" tests="1" name="Tests.SearchProductTest" time="1.171" errors="0" timestamp="2024-10-28T21:44:23 IST" skipped="0">
  <testcase classname="Tests.SearchProductTest" name="searchProduct" time="1.171"/>
</testsuite> <!-- Tests.SearchProductTest -->
