<?xml version="1.0" encoding="UTF-8"?>
<!-- Generated by org.testng.reporters.JUnitReportReporter -->
<testsuite hostname="LAPTOP-S4ET4P5F" failures="0" tests="1" name="Tests.Login" time="1.075" errors="0" timestamp="2024-11-14T00:47:15 IST" skipped="0">
  <testcase classname="Tests.Login" name="login" time="1.075"/>
</testsuite> <!-- Tests.Login -->
