<?xml version="1.0" encoding="UTF-8"?>
<!-- Generated by org.testng.reporters.JUnitReportReporter -->
<testsuite hostname="LAPTOP-S4ET4P5F" failures="0" tests="1" name="Tests.AccountRegistration" time="3.274" errors="0" timestamp="2024-10-28T16:36:33 IST" skipped="0">
  <testcase classname="Tests.AccountRegistration" name="account_registration" time="3.274"/>
</testsuite> <!-- Tests.AccountRegistration -->
